Tweaking gravity
Training model
Testing model
Average reward over 1000 episodes = 130.017 


Mean 130.017 and deviation 9.809827266573047
Training model
Testing model
Average reward over 1000 episodes = 107.619 


Mean 107.619 and deviation 28.33164024549232
Training model
Testing model
Average reward over 1000 episodes = 147.795 


Mean 147.795 and deviation 23.712970606821912
Training model
Testing model
Average reward over 1000 episodes = 105.954 


Mean 105.954 and deviation 29.850860691109062
Training model
Testing model
Average reward over 1000 episodes = 122.432 


Mean 122.432 and deviation 57.056335108382136
Training time correlations: [-0.09996298 -0.13572036  1.          0.06860997  0.21267566]
Mean: [130.017 107.619 147.795 105.954 122.432], Standard deviation: [ 9.80982727 28.33164025 23.71297061 29.85086069 57.05633511]
Tweaking masscart
Training model
Testing model
Average reward over 1000 episodes = 213.219 


Mean 213.219 and deviation 87.09126844293864
Training model
Testing model
Average reward over 1000 episodes = 120.823 


Mean 120.823 and deviation 32.73416672224909
Training model
Testing model
Average reward over 1000 episodes = 212.643 


Mean 212.643 and deviation 85.95426429793929
Training model
Testing model
Average reward over 1000 episodes = 437.89 


Mean 437.89 and deviation 90.07958647773647
Training model
Testing model
Average reward over 1000 episodes = 67.121 


Mean 67.121 and deviation 55.878353223766354
Training time correlations: [0.10151665 0.17252619 1.         0.33107924 0.14987402]
Mean: [213.219 120.823 212.643 437.89   67.121], Standard deviation: [87.09126844 32.73416672 85.9542643  90.07958648 55.87835322]
Tweaking masspole
Training model
Testing model
Average reward over 1000 episodes = 119.656 


Mean 119.656 and deviation 8.185454416219052
Training model
Testing model
Average reward over 1000 episodes = 100.287 


Mean 100.287 and deviation 25.406704449810093
Training model
Testing model
Average reward over 1000 episodes = 434.675 


Mean 434.675 and deviation 61.24822752537415
Training model
Testing model
Average reward over 1000 episodes = 142.363 


Mean 142.363 and deviation 8.16585764019922
Training model
Testing model
Average reward over 1000 episodes = 114.892 


Mean 114.892 and deviation 5.187517325272273
Training time correlations: [0.14922982 0.11877271 1.         0.27727895 0.15757908]
Mean: [119.656 100.287 434.675 142.363 114.892], Standard deviation: [ 8.18545442 25.40670445 61.24822753  8.16585764  5.18751733]
Tweaking length
Training model
Testing model
Average reward over 1000 episodes = 179.599 


Mean 179.599 and deviation 140.08139133732217
Training model
Testing model
Average reward over 1000 episodes = 129.013 


Mean 129.013 and deviation 32.559435360583265
Training model
Testing model
Average reward over 1000 episodes = 475.0 


Mean 475.0 and deviation 0.0
Training model
Testing model
Average reward over 1000 episodes = 105.714 


Mean 105.714 and deviation 32.07578843925742
Training model
Testing model
Average reward over 1000 episodes = 124.059 


Mean 124.059 and deviation 174.81690284122988
Training time correlations: [-0.23836638  0.19418673  1.          0.00792716  0.30650499]
Mean: [179.599 129.013 475.    105.714 124.059], Standard deviation: [140.08139134  32.55943536   0.          32.07578844 174.81690284]
Tweaking force_mag
Training model
Testing model
Average reward over 1000 episodes = 107.165 


Mean 107.165 and deviation 23.01629368512663
Training model
Testing model
Average reward over 1000 episodes = 109.868 


Mean 109.868 and deviation 18.394036424885105
Training model
Testing model
Average reward over 1000 episodes = 113.528 


Mean 113.528 and deviation 26.2576696605011
Training model
Testing model
Average reward over 1000 episodes = 109.549 


Mean 109.549 and deviation 23.0973937707266
Training model
Testing model
Average reward over 1000 episodes = 179.568 


Mean 179.568 and deviation 53.5371214765979
Training time correlations: [-0.04281765  0.09009936  1.          0.08150259  0.0712931 ]
Mean: [107.165 109.868 113.528 109.549 179.568], Standard deviation: [23.01629369 18.39403642 26.25766966 23.09739377 53.53712148]
